Build started 18/04/2016 11:05:20.
     1>Project "L:\GMIT\Year2 Semester2\Procedural Prog\Semester2\Assignment_Andrei_Petruk\Assignment_Andrei_Petruk\Assignment_Andrei_Petruk.vcxproj" on node 2 (build target(s)).
     1>InitializeBuildStatus:
         Creating "Debug\Assignment_Andrei_Petruk.unsuccessfulbuild" because "AlwaysCreate" was specified.
       ClCompile:
         C:\Program Files (x86)\Microsoft Visual Studio 10.0\VC\bin\CL.exe /c /ZI /nologo /W3 /WX- /Od /Oy- /D _MBCS /Gm /EHsc /RTC1 /MDd /GS /fp:precise /Zc:wchar_t /Zc:forScope /Fo"Debug\\" /Fd"Debug\vc100.pdb" /Gd /TC /analyze- /errorReport:prompt Main.c
         Main.c
     1>l:\gmit\year2 semester2\procedural prog\semester2\assignment_andrei_petruk\assignment_andrei_petruk\main.c(61): warning C4996: 'fopen': This function or variable may be unsafe. Consider using fopen_s instead. To disable deprecation, use _CRT_SECURE_NO_WARNINGS. See online help for details.
                 c:\program files (x86)\microsoft visual studio 10.0\vc\include\stdio.h(234) : see declaration of 'fopen'
     1>l:\gmit\year2 semester2\procedural prog\semester2\assignment_andrei_petruk\assignment_andrei_petruk\main.c(68): warning C4996: 'scanf': This function or variable may be unsafe. Consider using scanf_s instead. To disable deprecation, use _CRT_SECURE_NO_WARNINGS. See online help for details.
                 c:\program files (x86)\microsoft visual studio 10.0\vc\include\stdio.h(304) : see declaration of 'scanf'
     1>l:\gmit\year2 semester2\procedural prog\semester2\assignment_andrei_petruk\assignment_andrei_petruk\main.c(72): warning C4996: 'getch': The POSIX name for this item is deprecated. Instead, use the ISO C++ conformant name: _getch. See online help for details.
                 c:\program files (x86)\microsoft visual studio 10.0\vc\include\conio.h(128) : see declaration of 'getch'
     1>l:\gmit\year2 semester2\procedural prog\semester2\assignment_andrei_petruk\assignment_andrei_petruk\main.c(81): warning C4996: 'fscanf': This function or variable may be unsafe. Consider using fscanf_s instead. To disable deprecation, use _CRT_SECURE_NO_WARNINGS. See online help for details.
                 c:\program files (x86)\microsoft visual studio 10.0\vc\include\stdio.h(253) : see declaration of 'fscanf'
     1>l:\gmit\year2 semester2\procedural prog\semester2\assignment_andrei_petruk\assignment_andrei_petruk\main.c(108): warning C4996: 'scanf': This function or variable may be unsafe. Consider using scanf_s instead. To disable deprecation, use _CRT_SECURE_NO_WARNINGS. See online help for details.
                 c:\program files (x86)\microsoft visual studio 10.0\vc\include\stdio.h(304) : see declaration of 'scanf'
     1>l:\gmit\year2 semester2\procedural prog\semester2\assignment_andrei_petruk\assignment_andrei_petruk\main.c(113): warning C4047: 'function' : 'listelement **' differs in levels of indirection from 'listelement *'
     1>l:\gmit\year2 semester2\procedural prog\semester2\assignment_andrei_petruk\assignment_andrei_petruk\main.c(113): warning C4024: 'printSurveys' : different types for formal and actual parameter 1
     1>l:\gmit\year2 semester2\procedural prog\semester2\assignment_andrei_petruk\assignment_andrei_petruk\main.c(117): warning C4996: 'scanf': This function or variable may be unsafe. Consider using scanf_s instead. To disable deprecation, use _CRT_SECURE_NO_WARNINGS. See online help for details.
                 c:\program files (x86)\microsoft visual studio 10.0\vc\include\stdio.h(304) : see declaration of 'scanf'
     1>l:\gmit\year2 semester2\procedural prog\semester2\assignment_andrei_petruk\assignment_andrei_petruk\main.c(122): warning C4996: 'scanf': This function or variable may be unsafe. Consider using scanf_s instead. To disable deprecation, use _CRT_SECURE_NO_WARNINGS. See online help for details.
                 c:\program files (x86)\microsoft visual studio 10.0\vc\include\stdio.h(304) : see declaration of 'scanf'
     1>l:\gmit\year2 semester2\procedural prog\semester2\assignment_andrei_petruk\assignment_andrei_petruk\main.c(128): warning C4996: 'scanf': This function or variable may be unsafe. Consider using scanf_s instead. To disable deprecation, use _CRT_SECURE_NO_WARNINGS. See online help for details.
                 c:\program files (x86)\microsoft visual studio 10.0\vc\include\stdio.h(304) : see declaration of 'scanf'
     1>l:\gmit\year2 semester2\procedural prog\semester2\assignment_andrei_petruk\assignment_andrei_petruk\main.c(129): warning C4047: 'function' : 'listelement *' differs in levels of indirection from 'listelement **'
     1>l:\gmit\year2 semester2\procedural prog\semester2\assignment_andrei_petruk\assignment_andrei_petruk\main.c(129): warning C4024: 'editAtPos' : different types for formal and actual parameter 1
     1>l:\gmit\year2 semester2\procedural prog\semester2\assignment_andrei_petruk\assignment_andrei_petruk\main.c(136): warning C4047: 'function' : 'listelement **' differs in levels of indirection from 'listelement *'
     1>l:\gmit\year2 semester2\procedural prog\semester2\assignment_andrei_petruk\assignment_andrei_petruk\main.c(136): warning C4024: 'fileOutput' : different types for formal and actual parameter 1
     1>l:\gmit\year2 semester2\procedural prog\semester2\assignment_andrei_petruk\assignment_andrei_petruk\main.c(53): warning C4101: 'num' : unreferenced local variable
     1>l:\gmit\year2 semester2\procedural prog\semester2\assignment_andrei_petruk\assignment_andrei_petruk\main.c(161): warning C4996: 'scanf': This function or variable may be unsafe. Consider using scanf_s instead. To disable deprecation, use _CRT_SECURE_NO_WARNINGS. See online help for details.
                 c:\program files (x86)\microsoft visual studio 10.0\vc\include\stdio.h(304) : see declaration of 'scanf'
     1>l:\gmit\year2 semester2\procedural prog\semester2\assignment_andrei_petruk\assignment_andrei_petruk\main.c(164): warning C4996: 'scanf': This function or variable may be unsafe. Consider using scanf_s instead. To disable deprecation, use _CRT_SECURE_NO_WARNINGS. See online help for details.
                 c:\program files (x86)\microsoft visual studio 10.0\vc\include\stdio.h(304) : see declaration of 'scanf'
     1>l:\gmit\year2 semester2\procedural prog\semester2\assignment_andrei_petruk\assignment_andrei_petruk\main.c(166): warning C4996: 'scanf': This function or variable may be unsafe. Consider using scanf_s instead. To disable deprecation, use _CRT_SECURE_NO_WARNINGS. See online help for details.
                 c:\program files (x86)\microsoft visual studio 10.0\vc\include\stdio.h(304) : see declaration of 'scanf'
     1>l:\gmit\year2 semester2\procedural prog\semester2\assignment_andrei_petruk\assignment_andrei_petruk\main.c(168): warning C4996: 'scanf': This function or variable may be unsafe. Consider using scanf_s instead. To disable deprecation, use _CRT_SECURE_NO_WARNINGS. See online help for details.
                 c:\program files (x86)\microsoft visual studio 10.0\vc\include\stdio.h(304) : see declaration of 'scanf'
     1>l:\gmit\year2 semester2\procedural prog\semester2\assignment_andrei_petruk\assignment_andrei_petruk\main.c(173): warning C4129: 'E' : unrecognized character escape sequence
     1>l:\gmit\year2 semester2\procedural prog\semester2\assignment_andrei_petruk\assignment_andrei_petruk\main.c(175): warning C4996: 'scanf': This function or variable may be unsafe. Consider using scanf_s instead. To disable deprecation, use _CRT_SECURE_NO_WARNINGS. See online help for details.
                 c:\program files (x86)\microsoft visual studio 10.0\vc\include\stdio.h(304) : see declaration of 'scanf'
     1>l:\gmit\year2 semester2\procedural prog\semester2\assignment_andrei_petruk\assignment_andrei_petruk\main.c(179): warning C4996: 'scanf': This function or variable may be unsafe. Consider using scanf_s instead. To disable deprecation, use _CRT_SECURE_NO_WARNINGS. See online help for details.
                 c:\program files (x86)\microsoft visual studio 10.0\vc\include\stdio.h(304) : see declaration of 'scanf'
     1>l:\gmit\year2 semester2\procedural prog\semester2\assignment_andrei_petruk\assignment_andrei_petruk\main.c(187): warning C4996: 'scanf': This function or variable may be unsafe. Consider using scanf_s instead. To disable deprecation, use _CRT_SECURE_NO_WARNINGS. See online help for details.
                 c:\program files (x86)\microsoft visual studio 10.0\vc\include\stdio.h(304) : see declaration of 'scanf'
     1>l:\gmit\year2 semester2\procedural prog\semester2\assignment_andrei_petruk\assignment_andrei_petruk\main.c(197): warning C4996: 'scanf': This function or variable may be unsafe. Consider using scanf_s instead. To disable deprecation, use _CRT_SECURE_NO_WARNINGS. See online help for details.
                 c:\program files (x86)\microsoft visual studio 10.0\vc\include\stdio.h(304) : see declaration of 'scanf'
     1>l:\gmit\year2 semester2\procedural prog\semester2\assignment_andrei_petruk\assignment_andrei_petruk\main.c(204): warning C4996: 'scanf': This function or variable may be unsafe. Consider using scanf_s instead. To disable deprecation, use _CRT_SECURE_NO_WARNINGS. See online help for details.
                 c:\program files (x86)\microsoft visual studio 10.0\vc\include\stdio.h(304) : see declaration of 'scanf'
     1>l:\gmit\year2 semester2\procedural prog\semester2\assignment_andrei_petruk\assignment_andrei_petruk\main.c(211): warning C4996: 'scanf': This function or variable may be unsafe. Consider using scanf_s instead. To disable deprecation, use _CRT_SECURE_NO_WARNINGS. See online help for details.
                 c:\program files (x86)\microsoft visual studio 10.0\vc\include\stdio.h(304) : see declaration of 'scanf'
     1>l:\gmit\year2 semester2\procedural prog\semester2\assignment_andrei_petruk\assignment_andrei_petruk\main.c(218): warning C4996: 'scanf': This function or variable may be unsafe. Consider using scanf_s instead. To disable deprecation, use _CRT_SECURE_NO_WARNINGS. See online help for details.
                 c:\program files (x86)\microsoft visual studio 10.0\vc\include\stdio.h(304) : see declaration of 'scanf'
     1>l:\gmit\year2 semester2\procedural prog\semester2\assignment_andrei_petruk\assignment_andrei_petruk\main.c(221): warning C4996: 'scanf': This function or variable may be unsafe. Consider using scanf_s instead. To disable deprecation, use _CRT_SECURE_NO_WARNINGS. See online help for details.
                 c:\program files (x86)\microsoft visual studio 10.0\vc\include\stdio.h(304) : see declaration of 'scanf'
     1>l:\gmit\year2 semester2\procedural prog\semester2\assignment_andrei_petruk\assignment_andrei_petruk\main.c(235): warning C4028: formal parameter 1 different from declaration
     1>l:\gmit\year2 semester2\procedural prog\semester2\assignment_andrei_petruk\assignment_andrei_petruk\main.c(311): warning C4996: 'strcpy': This function or variable may be unsafe. Consider using strcpy_s instead. To disable deprecation, use _CRT_SECURE_NO_WARNINGS. See online help for details.
                 c:\program files (x86)\microsoft visual studio 10.0\vc\include\string.h(105) : see declaration of 'strcpy'
     1>l:\gmit\year2 semester2\procedural prog\semester2\assignment_andrei_petruk\assignment_andrei_petruk\main.c(236): warning C4101: 'data' : unreferenced local variable
     1>l:\gmit\year2 semester2\procedural prog\semester2\assignment_andrei_petruk\assignment_andrei_petruk\main.c(404): warning C4101: 'newNode' : unreferenced local variable
     1>l:\gmit\year2 semester2\procedural prog\semester2\assignment_andrei_petruk\assignment_andrei_petruk\main.c(402): warning C4101: 'data' : unreferenced local variable
     1>l:\gmit\year2 semester2\procedural prog\semester2\assignment_andrei_petruk\assignment_andrei_petruk\main.c(440): warning C4028: formal parameter 1 different from declaration
     1>l:\gmit\year2 semester2\procedural prog\semester2\assignment_andrei_petruk\assignment_andrei_petruk\main.c(461): warning C4028: formal parameter 1 different from declaration
     1>l:\gmit\year2 semester2\procedural prog\semester2\assignment_andrei_petruk\assignment_andrei_petruk\main.c(462): warning C4101: 'data' : unreferenced local variable
     1>l:\gmit\year2 semester2\procedural prog\semester2\assignment_andrei_petruk\assignment_andrei_petruk\main.c(563): warning C4101: 'data' : unreferenced local variable
     1>l:\gmit\year2 semester2\procedural prog\semester2\assignment_andrei_petruk\assignment_andrei_petruk\main.c(643): warning C4101: 'data' : unreferenced local variable
     1>l:\gmit\year2 semester2\procedural prog\semester2\assignment_andrei_petruk\assignment_andrei_petruk\main.c(692): warning C4996: 'fscanf': This function or variable may be unsafe. Consider using fscanf_s instead. To disable deprecation, use _CRT_SECURE_NO_WARNINGS. See online help for details.
                 c:\program files (x86)\microsoft visual studio 10.0\vc\include\stdio.h(253) : see declaration of 'fscanf'
     1>l:\gmit\year2 semester2\procedural prog\semester2\assignment_andrei_petruk\assignment_andrei_petruk\main.c(693): warning C4996: 'fscanf': This function or variable may be unsafe. Consider using fscanf_s instead. To disable deprecation, use _CRT_SECURE_NO_WARNINGS. See online help for details.
                 c:\program files (x86)\microsoft visual studio 10.0\vc\include\stdio.h(253) : see declaration of 'fscanf'
     1>l:\gmit\year2 semester2\procedural prog\semester2\assignment_andrei_petruk\assignment_andrei_petruk\main.c(694): warning C4996: 'fscanf': This function or variable may be unsafe. Consider using fscanf_s instead. To disable deprecation, use _CRT_SECURE_NO_WARNINGS. See online help for details.
                 c:\program files (x86)\microsoft visual studio 10.0\vc\include\stdio.h(253) : see declaration of 'fscanf'
     1>l:\gmit\year2 semester2\procedural prog\semester2\assignment_andrei_petruk\assignment_andrei_petruk\main.c(695): warning C4996: 'fscanf': This function or variable may be unsafe. Consider using fscanf_s instead. To disable deprecation, use _CRT_SECURE_NO_WARNINGS. See online help for details.
                 c:\program files (x86)\microsoft visual studio 10.0\vc\include\stdio.h(253) : see declaration of 'fscanf'
     1>l:\gmit\year2 semester2\procedural prog\semester2\assignment_andrei_petruk\assignment_andrei_petruk\main.c(696): warning C4996: 'fscanf': This function or variable may be unsafe. Consider using fscanf_s instead. To disable deprecation, use _CRT_SECURE_NO_WARNINGS. See online help for details.
                 c:\program files (x86)\microsoft visual studio 10.0\vc\include\stdio.h(253) : see declaration of 'fscanf'
     1>l:\gmit\year2 semester2\procedural prog\semester2\assignment_andrei_petruk\assignment_andrei_petruk\main.c(697): warning C4996: 'fscanf': This function or variable may be unsafe. Consider using fscanf_s instead. To disable deprecation, use _CRT_SECURE_NO_WARNINGS. See online help for details.
                 c:\program files (x86)\microsoft visual studio 10.0\vc\include\stdio.h(253) : see declaration of 'fscanf'
     1>l:\gmit\year2 semester2\procedural prog\semester2\assignment_andrei_petruk\assignment_andrei_petruk\main.c(698): warning C4996: 'fscanf': This function or variable may be unsafe. Consider using fscanf_s instead. To disable deprecation, use _CRT_SECURE_NO_WARNINGS. See online help for details.
                 c:\program files (x86)\microsoft visual studio 10.0\vc\include\stdio.h(253) : see declaration of 'fscanf'
     1>l:\gmit\year2 semester2\procedural prog\semester2\assignment_andrei_petruk\assignment_andrei_petruk\main.c(699): warning C4996: 'fscanf': This function or variable may be unsafe. Consider using fscanf_s instead. To disable deprecation, use _CRT_SECURE_NO_WARNINGS. See online help for details.
                 c:\program files (x86)\microsoft visual studio 10.0\vc\include\stdio.h(253) : see declaration of 'fscanf'
     1>l:\gmit\year2 semester2\procedural prog\semester2\assignment_andrei_petruk\assignment_andrei_petruk\main.c(700): warning C4996: 'fscanf': This function or variable may be unsafe. Consider using fscanf_s instead. To disable deprecation, use _CRT_SECURE_NO_WARNINGS. See online help for details.
                 c:\program files (x86)\microsoft visual studio 10.0\vc\include\stdio.h(253) : see declaration of 'fscanf'
     1>l:\gmit\year2 semester2\procedural prog\semester2\assignment_andrei_petruk\assignment_andrei_petruk\main.c(701): warning C4996: 'fscanf': This function or variable may be unsafe. Consider using fscanf_s instead. To disable deprecation, use _CRT_SECURE_NO_WARNINGS. See online help for details.
                 c:\program files (x86)\microsoft visual studio 10.0\vc\include\stdio.h(253) : see declaration of 'fscanf'
     1>l:\gmit\year2 semester2\procedural prog\semester2\assignment_andrei_petruk\assignment_andrei_petruk\main.c(702): warning C4996: 'fscanf': This function or variable may be unsafe. Consider using fscanf_s instead. To disable deprecation, use _CRT_SECURE_NO_WARNINGS. See online help for details.
                 c:\program files (x86)\microsoft visual studio 10.0\vc\include\stdio.h(253) : see declaration of 'fscanf'
     1>l:\gmit\year2 semester2\procedural prog\semester2\assignment_andrei_petruk\assignment_andrei_petruk\main.c(421): warning C4716: 'deleteNode' : must return a value
       Link:
         C:\Program Files (x86)\Microsoft Visual Studio 10.0\VC\bin\link.exe /ERRORREPORT:PROMPT /OUT:"L:\GMIT\Year2 Semester2\Procedural Prog\Semester2\Assignment_Andrei_Petruk\Debug\Assignment_Andrei_Petruk.exe" /NOLOGO kernel32.lib user32.lib gdi32.lib winspool.lib comdlg32.lib advapi32.lib shell32.lib ole32.lib oleaut32.lib uuid.lib odbc32.lib odbccp32.lib /MANIFEST /ManifestFile:"Debug\Assignment_Andrei_Petruk.exe.intermediate.manifest" /MANIFESTUAC:"level='asInvoker' uiAccess='false'" /DEBUG /PDB:"L:\GMIT\Year2 Semester2\Procedural Prog\Semester2\Assignment_Andrei_Petruk\Debug\Assignment_Andrei_Petruk.pdb" /TLBID:1 /DYNAMICBASE /NXCOMPAT /IMPLIB:"L:\GMIT\Year2 Semester2\Procedural Prog\Semester2\Assignment_Andrei_Petruk\Debug\Assignment_Andrei_Petruk.lib" /MACHINE:X86 Debug\Main.obj
         LINK : L:\GMIT\Year2 Semester2\Procedural Prog\Semester2\Assignment_Andrei_Petruk\Debug\Assignment_Andrei_Petruk.exe not found or not built by the last incremental link; performing full link
         Assignment_Andrei_Petruk.vcxproj -> L:\GMIT\Year2 Semester2\Procedural Prog\Semester2\Assignment_Andrei_Petruk\Debug\Assignment_Andrei_Petruk.exe
       Manifest:
         C:\Program Files (x86)\Microsoft SDKs\Windows\v7.0A\bin\mt.exe /nologo /verbose /outputresource:"L:\GMIT\Year2 Semester2\Procedural Prog\Semester2\Assignment_Andrei_Petruk\Debug\Assignment_Andrei_Petruk.exe;#1" /manifest Debug\Assignment_Andrei_Petruk.exe.intermediate.manifest
       FinalizeBuildStatus:
         Deleting file "Debug\Assignment_Andrei_Petruk.unsuccessfulbuild".
         Touching "Debug\Assignment_Andrei_Petruk.lastbuildstate".
     1>Done Building Project "L:\GMIT\Year2 Semester2\Procedural Prog\Semester2\Assignment_Andrei_Petruk\Assignment_Andrei_Petruk\Assignment_Andrei_Petruk.vcxproj" (build target(s)).

Build succeeded.

Time Elapsed 00:00:17.34
